0 info it worked if it ends with ok
1 verbose cli [ 'C:\\Program Files\\nodejs\\node.exe',
1 verbose cli   'C:\\Program Files\\nodejs\\node_modules\\npm\\bin\\npm-cli.js',
1 verbose cli   'install' ]
2 info using npm@3.10.10
3 info using node@v6.10.0
4 silly loadCurrentTree Starting
5 silly install loadCurrentTree
6 silly install readLocalPackageData
7 silly install normalizeTree
8 silly loadCurrentTree Finishing
9 silly loadIdealTree Starting
10 silly install loadIdealTree
11 silly cloneCurrentTree Starting
12 silly install cloneCurrentTreeToIdealTree
13 silly cloneCurrentTree Finishing
14 silly loadShrinkwrap Starting
15 silly install loadShrinkwrap
16 silly loadShrinkwrap Finishing
17 silly loadAllDepsIntoIdealTree Starting
18 silly install loadAllDepsIntoIdealTree
19 silly fetchNamedPackageData gulp
20 silly mapToRegistry name gulp
21 silly mapToRegistry using default registry
22 silly mapToRegistry registry https://registry.npmjs.org/
23 silly mapToRegistry data Result {
23 silly mapToRegistry   raw: 'gulp',
23 silly mapToRegistry   scope: null,
23 silly mapToRegistry   escapedName: 'gulp',
23 silly mapToRegistry   name: 'gulp',
23 silly mapToRegistry   rawSpec: '',
23 silly mapToRegistry   spec: 'latest',
23 silly mapToRegistry   type: 'tag' }
24 silly mapToRegistry uri https://registry.npmjs.org/gulp
25 silly fetchNamedPackageData bootstrap-styl
26 silly mapToRegistry name bootstrap-styl
27 silly mapToRegistry using default registry
28 silly mapToRegistry registry https://registry.npmjs.org/
29 silly mapToRegistry data Result {
29 silly mapToRegistry   raw: 'bootstrap-styl',
29 silly mapToRegistry   scope: null,
29 silly mapToRegistry   escapedName: 'bootstrap-styl',
29 silly mapToRegistry   name: 'bootstrap-styl',
29 silly mapToRegistry   rawSpec: '',
29 silly mapToRegistry   spec: 'latest',
29 silly mapToRegistry   type: 'tag' }
30 silly mapToRegistry uri https://registry.npmjs.org/bootstrap-styl
31 silly fetchNamedPackageData gulp-autoprefixer
32 silly mapToRegistry name gulp-autoprefixer
33 silly mapToRegistry using default registry
34 silly mapToRegistry registry https://registry.npmjs.org/
35 silly mapToRegistry data Result {
35 silly mapToRegistry   raw: 'gulp-autoprefixer',
35 silly mapToRegistry   scope: null,
35 silly mapToRegistry   escapedName: 'gulp-autoprefixer',
35 silly mapToRegistry   name: 'gulp-autoprefixer',
35 silly mapToRegistry   rawSpec: '',
35 silly mapToRegistry   spec: 'latest',
35 silly mapToRegistry   type: 'tag' }
36 silly mapToRegistry uri https://registry.npmjs.org/gulp-autoprefixer
37 silly fetchNamedPackageData gulp-cssmin
38 silly mapToRegistry name gulp-cssmin
39 silly mapToRegistry using default registry
40 silly mapToRegistry registry https://registry.npmjs.org/
41 silly mapToRegistry data Result {
41 silly mapToRegistry   raw: 'gulp-cssmin',
41 silly mapToRegistry   scope: null,
41 silly mapToRegistry   escapedName: 'gulp-cssmin',
41 silly mapToRegistry   name: 'gulp-cssmin',
41 silly mapToRegistry   rawSpec: '',
41 silly mapToRegistry   spec: 'latest',
41 silly mapToRegistry   type: 'tag' }
42 silly mapToRegistry uri https://registry.npmjs.org/gulp-cssmin
43 silly fetchNamedPackageData gulp-rename
44 silly mapToRegistry name gulp-rename
45 silly mapToRegistry using default registry
46 silly mapToRegistry registry https://registry.npmjs.org/
47 silly mapToRegistry data Result {
47 silly mapToRegistry   raw: 'gulp-rename',
47 silly mapToRegistry   scope: null,
47 silly mapToRegistry   escapedName: 'gulp-rename',
47 silly mapToRegistry   name: 'gulp-rename',
47 silly mapToRegistry   rawSpec: '',
47 silly mapToRegistry   spec: 'latest',
47 silly mapToRegistry   type: 'tag' }
48 silly mapToRegistry uri https://registry.npmjs.org/gulp-rename
49 silly fetchNamedPackageData gulp-stylus
50 silly mapToRegistry name gulp-stylus
51 silly mapToRegistry using default registry
52 silly mapToRegistry registry https://registry.npmjs.org/
53 silly mapToRegistry data Result {
53 silly mapToRegistry   raw: 'gulp-stylus',
53 silly mapToRegistry   scope: null,
53 silly mapToRegistry   escapedName: 'gulp-stylus',
53 silly mapToRegistry   name: 'gulp-stylus',
53 silly mapToRegistry   rawSpec: '',
53 silly mapToRegistry   spec: 'latest',
53 silly mapToRegistry   type: 'tag' }
54 silly mapToRegistry uri https://registry.npmjs.org/gulp-stylus
55 silly fetchNamedPackageData normalize-styl
56 silly mapToRegistry name normalize-styl
57 silly mapToRegistry using default registry
58 silly mapToRegistry registry https://registry.npmjs.org/
59 silly mapToRegistry data Result {
59 silly mapToRegistry   raw: 'normalize-styl',
59 silly mapToRegistry   scope: null,
59 silly mapToRegistry   escapedName: 'normalize-styl',
59 silly mapToRegistry   name: 'normalize-styl',
59 silly mapToRegistry   rawSpec: '',
59 silly mapToRegistry   spec: 'latest',
59 silly mapToRegistry   type: 'tag' }
60 silly mapToRegistry uri https://registry.npmjs.org/normalize-styl
61 silly fetchNamedPackageData browser-sync
62 silly mapToRegistry name browser-sync
63 silly mapToRegistry using default registry
64 silly mapToRegistry registry https://registry.npmjs.org/
65 silly mapToRegistry data Result {
65 silly mapToRegistry   raw: 'browser-sync',
65 silly mapToRegistry   scope: null,
65 silly mapToRegistry   escapedName: 'browser-sync',
65 silly mapToRegistry   name: 'browser-sync',
65 silly mapToRegistry   rawSpec: '',
65 silly mapToRegistry   spec: 'latest',
65 silly mapToRegistry   type: 'tag' }
66 silly mapToRegistry uri https://registry.npmjs.org/browser-sync
67 verbose request uri https://registry.npmjs.org/bootstrap-styl
68 verbose request no auth needed
69 info attempt registry request try #1 at 03:47:55
70 verbose request id 0f45e27caa41d3ae
71 verbose etag W/"57f5b599-5998"
72 verbose lastModified Thu, 06 Oct 2016 02:23:21 GMT
73 http request GET https://registry.npmjs.org/bootstrap-styl
74 verbose request uri https://registry.npmjs.org/gulp-autoprefixer
75 verbose request no auth needed
76 info attempt registry request try #1 at 03:47:55
77 verbose etag W/"58d54aa8-8a7d"
78 verbose lastModified Fri, 24 Mar 2017 16:34:48 GMT
79 http request GET https://registry.npmjs.org/gulp-autoprefixer
80 verbose request uri https://registry.npmjs.org/gulp
81 verbose request no auth needed
82 info attempt registry request try #1 at 03:47:55
83 verbose etag W/"58da5c7b-1d059"
84 verbose lastModified Tue, 28 Mar 2017 12:52:11 GMT
85 http request GET https://registry.npmjs.org/gulp
86 verbose request uri https://registry.npmjs.org/gulp-cssmin
87 verbose request no auth needed
88 info attempt registry request try #1 at 03:47:55
89 verbose etag W/"58891503-25f2"
90 verbose lastModified Wed, 25 Jan 2017 21:13:39 GMT
91 http request GET https://registry.npmjs.org/gulp-cssmin
92 verbose request uri https://registry.npmjs.org/gulp-rename
93 verbose request no auth needed
94 info attempt registry request try #1 at 03:47:55
95 verbose etag W/"58daa019-3c5a"
96 verbose lastModified Tue, 28 Mar 2017 17:40:41 GMT
97 http request GET https://registry.npmjs.org/gulp-rename
98 verbose request uri https://registry.npmjs.org/gulp-stylus
99 verbose request no auth needed
100 info attempt registry request try #1 at 03:47:55
101 verbose etag W/"588f32fa-f770"
102 verbose lastModified Mon, 30 Jan 2017 12:35:06 GMT
103 http request GET https://registry.npmjs.org/gulp-stylus
104 verbose request uri https://registry.npmjs.org/normalize-styl
105 verbose request no auth needed
106 info attempt registry request try #1 at 03:47:55
107 verbose etag W/"57e64a9d-ec6"
108 verbose lastModified Sat, 24 Sep 2016 09:42:53 GMT
109 http request GET https://registry.npmjs.org/normalize-styl
110 info retry will retry, error on last attempt: Error: getaddrinfo ENOTFOUND registry.npmjs.org registry.npmjs.org:443
111 info retry will retry, error on last attempt: Error: getaddrinfo ENOTFOUND registry.npmjs.org registry.npmjs.org:443
112 info retry will retry, error on last attempt: Error: getaddrinfo ENOTFOUND registry.npmjs.org registry.npmjs.org:443
113 info retry will retry, error on last attempt: Error: getaddrinfo ENOTFOUND registry.npmjs.org registry.npmjs.org:443
114 verbose request uri https://registry.npmjs.org/browser-sync
115 verbose request no auth needed
116 info attempt registry request try #1 at 03:47:56
117 verbose etag W/"58d53cd1-821d3"
118 verbose lastModified Fri, 24 Mar 2017 15:35:45 GMT
119 http request GET https://registry.npmjs.org/browser-sync
120 info retry will retry, error on last attempt: Error: getaddrinfo ENOTFOUND registry.npmjs.org registry.npmjs.org:443
121 info retry will retry, error on last attempt: Error: getaddrinfo ENOTFOUND registry.npmjs.org registry.npmjs.org:443
122 info retry will retry, error on last attempt: Error: getaddrinfo ENOTFOUND registry.npmjs.org registry.npmjs.org:443
123 info retry will retry, error on last attempt: Error: getaddrinfo ENOTFOUND registry.npmjs.org registry.npmjs.org:443
124 info attempt registry request try #2 at 03:48:05
125 verbose etag W/"57f5b599-5998"
126 verbose lastModified Thu, 06 Oct 2016 02:23:21 GMT
127 http request GET https://registry.npmjs.org/bootstrap-styl
128 info attempt registry request try #2 at 03:48:05
129 verbose etag W/"58d54aa8-8a7d"
130 verbose lastModified Fri, 24 Mar 2017 16:34:48 GMT
131 http request GET https://registry.npmjs.org/gulp-autoprefixer
132 info attempt registry request try #2 at 03:48:05
133 verbose etag W/"58da5c7b-1d059"
134 verbose lastModified Tue, 28 Mar 2017 12:52:11 GMT
135 http request GET https://registry.npmjs.org/gulp
136 info attempt registry request try #2 at 03:48:05
137 verbose etag W/"58891503-25f2"
138 verbose lastModified Wed, 25 Jan 2017 21:13:39 GMT
139 http request GET https://registry.npmjs.org/gulp-cssmin
140 info retry will retry, error on last attempt: Error: getaddrinfo ENOTFOUND registry.npmjs.org registry.npmjs.org:443
141 info retry will retry, error on last attempt: Error: getaddrinfo ENOTFOUND registry.npmjs.org registry.npmjs.org:443
142 info retry will retry, error on last attempt: Error: getaddrinfo ENOTFOUND registry.npmjs.org registry.npmjs.org:443
143 info retry will retry, error on last attempt: Error: getaddrinfo ENOTFOUND registry.npmjs.org registry.npmjs.org:443
144 info attempt registry request try #2 at 03:48:06
145 verbose etag W/"58daa019-3c5a"
146 verbose lastModified Tue, 28 Mar 2017 17:40:41 GMT
147 http request GET https://registry.npmjs.org/gulp-rename
148 info attempt registry request try #2 at 03:48:06
149 verbose etag W/"588f32fa-f770"
150 verbose lastModified Mon, 30 Jan 2017 12:35:06 GMT
151 http request GET https://registry.npmjs.org/gulp-stylus
152 info attempt registry request try #2 at 03:48:06
153 verbose etag W/"57e64a9d-ec6"
154 verbose lastModified Sat, 24 Sep 2016 09:42:53 GMT
155 http request GET https://registry.npmjs.org/normalize-styl
156 info attempt registry request try #2 at 03:48:06
157 verbose etag W/"58d53cd1-821d3"
158 verbose lastModified Fri, 24 Mar 2017 15:35:45 GMT
159 http request GET https://registry.npmjs.org/browser-sync
160 info retry will retry, error on last attempt: Error: getaddrinfo ENOTFOUND registry.npmjs.org registry.npmjs.org:443
161 info retry will retry, error on last attempt: Error: getaddrinfo ENOTFOUND registry.npmjs.org registry.npmjs.org:443
162 info retry will retry, error on last attempt: Error: getaddrinfo ENOTFOUND registry.npmjs.org registry.npmjs.org:443
163 info retry will retry, error on last attempt: Error: getaddrinfo ENOTFOUND registry.npmjs.org registry.npmjs.org:443
164 verbose stack Error: kill ENOSYS
164 verbose stack     at exports._errnoException (util.js:1022:11)
164 verbose stack     at process.kill (internal/process.js:172:13)
164 verbose stack     at process.listener (C:\Program Files\nodejs\node_modules\npm\node_modules\npmlog\node_modules\gauge\node_modules\signal-exit\index.js:86:15)
164 verbose stack     at emitNone (events.js:91:20)
164 verbose stack     at process.emit (events.js:185:7)
164 verbose stack     at processEmit (C:\Program Files\nodejs\node_modules\npm\node_modules\npmlog\node_modules\gauge\node_modules\signal-exit\index.js:146:32)
164 verbose stack     at processEmit (C:\Program Files\nodejs\node_modules\npm\node_modules\npm-registry-client\node_modules\npmlog\node_modules\gauge\node_modules\signal-exit\index.js:146:32)
164 verbose stack     at Signal.wrap.onsignal (internal/process.js:199:44)
165 verbose cwd C:\Users\Настя\Desktop\sorokin
166 error Windows_NT 6.1.7601
167 error argv "C:\\Program Files\\nodejs\\node.exe" "C:\\Program Files\\nodejs\\node_modules\\npm\\bin\\npm-cli.js" "install"
168 error node v6.10.0
169 error npm  v3.10.10
170 error code ENOSYS
171 error errno ENOSYS
172 error syscall kill
173 error kill ENOSYS
174 error If you need help, you may report this error at:
174 error     <https://github.com/npm/npm/issues>
175 verbose exit [ 1, true ]
